<?xml version="1.0" encoding="UTF-8"?>
<!-- Generated by org.testng.reporters.JUnitXMLReporter -->
<testsuite ignored="1" hostname="Dillip_Home" failures="0" tests="4" name="Test" time="15.83" errors="0" timestamp="2026-05-30T18:07:46 IST">
  <testcase classname="com.qa.testcases.LoginTest" name="validatePageTitle" time="0.022"/>
  <testcase classname="com.qa.testcases.LoginTest" name="validateInvalidLogin" time="1.734"/>
  <testcase classname="com.qa.testcases.LoginTest" name="validateDashboardTitle" time="2.206"/>
  <testcase classname="com.qa.testcases.DashboardTest" name="validateLogout" time="4.635"/>
  <testcase classname="com.qa.testbase.BaseTest" name="@BeforeSuite readConfig" time="0.0">
    <ignored/>
  </testcase> <!-- @BeforeSuite readConfig -->
</testsuite> <!-- Test -->
