<?xml version="1.0" encoding="UTF-8"?>
<testng-results ignored="0" total="4" passed="4" failed="0" skipped="0">
  <reporter-output>
  </reporter-output>
  <suite started-at="2026-05-30T18:07:30 IST" name="Suite" finished-at="2026-05-30T18:07:45 IST" duration-ms="15830">
    <groups>
    </groups>
    <test started-at="2026-05-30T18:07:30 IST" name="Test" finished-at="2026-05-30T18:07:45 IST" duration-ms="15830">
      <class name="com.qa.testcases.DashboardTest">
        <test-method is-config="true" signature="setUp()[pri:0, instance:com.qa.testcases.DashboardTest@1d131e1b]" started-at="2026-05-30T18:07:30 IST" name="setUp" finished-at="2026-05-30T18:07:41 IST" duration-ms="11000" status="PASS">
          <reporter-output>
          </reporter-output>
        </test-method> <!-- setUp -->
        <test-method signature="validateLogout()[pri:0, instance:com.qa.testcases.DashboardTest@1d131e1b]" started-at="2026-05-30T18:07:41 IST" name="validateLogout" finished-at="2026-05-30T18:07:45 IST" duration-ms="4635" status="PASS">
          <reporter-output>
          </reporter-output>
        </test-method> <!-- validateLogout -->
        <test-method is-config="true" signature="createPage(org.testng.ITestContext)[pri:0, instance:com.qa.testcases.DashboardTest@1d131e1b]" started-at="2026-05-30T18:07:41 IST" name="createPage" finished-at="2026-05-30T18:07:41 IST" duration-ms="0" status="PASS">
          <params>
            <param index="0">
              <value>
                <![CDATA[org.testng.TestRunner@2b50150]]>
              </value>
            </param>
          </params>
          <reporter-output>
          </reporter-output>
        </test-method> <!-- createPage -->
        <test-method is-config="true" signature="tearDown()[pri:0, instance:com.qa.testcases.DashboardTest@1d131e1b]" started-at="2026-05-30T18:07:45 IST" name="tearDown" finished-at="2026-05-30T18:07:45 IST" duration-ms="159" status="PASS">
          <reporter-output>
          </reporter-output>
        </test-method> <!-- tearDown -->
      </class> <!-- com.qa.testcases.DashboardTest -->
      <class name="com.qa.testcases.LoginTest">
        <test-method is-config="true" signature="readConfig()[pri:0, instance:com.qa.testcases.LoginTest@1d470d0]" started-at="2026-05-30T18:07:30 IST" name="readConfig" finished-at="2026-05-30T18:07:30 IST" duration-ms="9" status="PASS">
          <reporter-output>
          </reporter-output>
        </test-method> <!-- readConfig -->
        <test-method is-config="true" signature="setUp()[pri:0, instance:com.qa.testcases.LoginTest@1d470d0]" started-at="2026-05-30T18:07:30 IST" name="setUp" finished-at="2026-05-30T18:07:39 IST" duration-ms="9006" status="PASS">
          <reporter-output>
          </reporter-output>
        </test-method> <!-- setUp -->
        <test-method is-config="true" signature="setUp()[pri:0, instance:com.qa.testcases.LoginTest@1d470d0]" started-at="2026-05-30T18:07:30 IST" name="setUp" finished-at="2026-05-30T18:07:42 IST" duration-ms="12500" status="PASS">
          <reporter-output>
          </reporter-output>
        </test-method> <!-- setUp -->
        <test-method is-config="true" signature="setUp()[pri:0, instance:com.qa.testcases.LoginTest@1d470d0]" started-at="2026-05-30T18:07:30 IST" name="setUp" finished-at="2026-05-30T18:07:38 IST" duration-ms="8112" status="PASS">
          <reporter-output>
          </reporter-output>
        </test-method> <!-- setUp -->
        <test-method is-config="true" signature="createPage(org.testng.ITestContext)[pri:0, instance:com.qa.testcases.LoginTest@1d470d0]" started-at="2026-05-30T18:07:38 IST" name="createPage" finished-at="2026-05-30T18:07:38 IST" duration-ms="3" status="PASS">
          <params>
            <param index="0">
              <value>
                <![CDATA[org.testng.TestRunner@2b50150]]>
              </value>
            </param>
          </params>
          <reporter-output>
          </reporter-output>
        </test-method> <!-- createPage -->
        <test-method signature="validatePageTitle()[pri:0, instance:com.qa.testcases.LoginTest@1d470d0]" started-at="2026-05-30T18:07:38 IST" name="validatePageTitle" finished-at="2026-05-30T18:07:38 IST" duration-ms="22" status="PASS">
          <reporter-output>
          </reporter-output>
        </test-method> <!-- validatePageTitle -->
        <test-method is-config="true" signature="tearDown()[pri:0, instance:com.qa.testcases.LoginTest@1d470d0]" started-at="2026-05-30T18:07:38 IST" name="tearDown" finished-at="2026-05-30T18:07:38 IST" duration-ms="174" status="PASS">
          <reporter-output>
          </reporter-output>
        </test-method> <!-- tearDown -->
        <test-method signature="validateInvalidLogin()[pri:0, instance:com.qa.testcases.LoginTest@1d470d0]" started-at="2026-05-30T18:07:39 IST" name="validateInvalidLogin" finished-at="2026-05-30T18:07:40 IST" duration-ms="1734" status="PASS">
          <reporter-output>
          </reporter-output>
        </test-method> <!-- validateInvalidLogin -->
        <test-method is-config="true" signature="createPage(org.testng.ITestContext)[pri:0, instance:com.qa.testcases.LoginTest@1d470d0]" started-at="2026-05-30T18:07:39 IST" name="createPage" finished-at="2026-05-30T18:07:39 IST" duration-ms="0" status="PASS">
          <params>
            <param index="0">
              <value>
                <![CDATA[org.testng.TestRunner@2b50150]]>
              </value>
            </param>
          </params>
          <reporter-output>
          </reporter-output>
        </test-method> <!-- createPage -->
        <test-method is-config="true" signature="tearDown()[pri:0, instance:com.qa.testcases.LoginTest@1d470d0]" started-at="2026-05-30T18:07:40 IST" name="tearDown" finished-at="2026-05-30T18:07:41 IST" duration-ms="150" status="PASS">
          <reporter-output>
          </reporter-output>
        </test-method> <!-- tearDown -->
        <test-method signature="validateDashboardTitle()[pri:0, instance:com.qa.testcases.LoginTest@1d470d0]" started-at="2026-05-30T18:07:42 IST" name="validateDashboardTitle" finished-at="2026-05-30T18:07:44 IST" duration-ms="2206" status="PASS">
          <reporter-output>
          </reporter-output>
        </test-method> <!-- validateDashboardTitle -->
        <test-method is-config="true" signature="createPage(org.testng.ITestContext)[pri:0, instance:com.qa.testcases.LoginTest@1d470d0]" started-at="2026-05-30T18:07:42 IST" name="createPage" finished-at="2026-05-30T18:07:42 IST" duration-ms="0" status="PASS">
          <params>
            <param index="0">
              <value>
                <![CDATA[org.testng.TestRunner@2b50150]]>
              </value>
            </param>
          </params>
          <reporter-output>
          </reporter-output>
        </test-method> <!-- createPage -->
        <test-method is-config="true" signature="tearDown()[pri:0, instance:com.qa.testcases.LoginTest@1d470d0]" started-at="2026-05-30T18:07:44 IST" name="tearDown" finished-at="2026-05-30T18:07:45 IST" duration-ms="163" status="PASS">
          <reporter-output>
          </reporter-output>
        </test-method> <!-- tearDown -->
      </class> <!-- com.qa.testcases.LoginTest -->
    </test> <!-- Test -->
  </suite> <!-- Suite -->
</testng-results>
