<?xml version="1.0" encoding="UTF-8"?>
<!-- Generated by org.testng.reporters.JUnitReportReporter -->
<testsuite hostname="Dillip_Home" failures="0" tests="3" name="com.qa.testcases.LoginTest" time="34.070" errors="0" timestamp="2026-05-30T18:07:46 IST" skipped="0">
  <testcase classname="com.qa.testcases.LoginTest" name="validatePageTitle" time="9.194"/>
  <testcase classname="com.qa.testcases.LoginTest" name="validateInvalidLogin" time="14.408"/>
  <testcase classname="com.qa.testcases.LoginTest" name="validateDashboardTitle" time="10.468"/>
</testsuite> <!-- com.qa.testcases.LoginTest -->
